[0609/155415.155:ERROR:process_memory_win.cc(73)] ReadMemory at 0x20b9f5107b0 of 72 bytes failed: Only part of a ReadProcessMemory or WriteProcessMemory request was completed. (0x12B)
[0609/155415.163:WARNING:pe_image_annotations_reader.cc(134)] could not read annotations list object in C:\Program Files (x86)\Google\Chrome\Application\83.0.4103.97\chrome_elf.dll
[0609/155415.164:ERROR:process_memory_win.cc(73)] ReadMemory at 0x20b9f905af0 of 72 bytes failed: Only part of a ReadProcessMemory or WriteProcessMemory request was completed. (0x12B)
[0609/155415.164:WARNING:pe_image_annotations_reader.cc(134)] could not read annotations list object in C:\Program Files (x86)\Google\Chrome\Application\83.0.4103.97\chrome.dll
[0609/155415.166:ERROR:process_memory_win.cc(73)] ReadMemory at 0x20ba0ec0000 of 64 bytes failed: Only part of a ReadProcessMemory or WriteProcessMemory request was completed. (0x12B)
[0609/155415.166:WARNING:pe_image_reader.cc(340)] could not read dos header from C:\WINDOWS\System32\SHELL32.dll
[0609/155415.178:ERROR:process_memory_win.cc(73)] ReadMemory at 0x20b9f5107b0 of 72 bytes failed: Only part of a ReadProcessMemory or WriteProcessMemory request was completed. (0x12B)
[0609/155415.178:WARNING:pe_image_annotations_reader.cc(134)] could not read annotations list object in C:\Program Files (x86)\Google\Chrome\Application\83.0.4103.97\chrome_elf.dll
[0609/155415.178:ERROR:process_memory_win.cc(73)] ReadMemory at 0x20b9f905af0 of 72 bytes failed: Only part of a ReadProcessMemory or WriteProcessMemory request was completed. (0x12B)
[0609/155415.179:WARNING:pe_image_annotations_reader.cc(134)] could not read annotations list object in C:\Program Files (x86)\Google\Chrome\Application\83.0.4103.97\chrome.dll
[0609/155415.180:ERROR:process_memory_win.cc(73)] ReadMemory at 0x20ba0ec0000 of 64 bytes failed: Only part of a ReadProcessMemory or WriteProcessMemory request was completed. (0x12B)
[0609/155415.180:WARNING:pe_image_reader.cc(340)] could not read dos header from C:\WINDOWS\System32\SHELL32.dll
[0609/155415.181:ERROR:process_memory_win.cc(73)] ReadMemory at 0x20b9f5107b0 of 72 bytes failed: Only part of a ReadProcessMemory or WriteProcessMemory request was completed. (0x12B)
[0609/155415.181:WARNING:pe_image_annotations_reader.cc(134)] could not read annotations list object in C:\Program Files (x86)\Google\Chrome\Application\83.0.4103.97\chrome_elf.dll
[0609/155415.182:ERROR:process_memory_win.cc(73)] ReadMemory at 0x20b9f905af0 of 72 bytes failed: Only part of a ReadProcessMemory or WriteProcessMemory request was completed. (0x12B)
[0609/155415.182:WARNING:pe_image_annotations_reader.cc(134)] could not read annotations list object in C:\Program Files (x86)\Google\Chrome\Application\83.0.4103.97\chrome.dll
[0609/155415.183:ERROR:process_memory_win.cc(73)] ReadMemory at 0x20ba0ec0000 of 64 bytes failed: Only part of a ReadProcessMemory or WriteProcessMemory request was completed. (0x12B)
[0609/155415.183:WARNING:pe_image_reader.cc(340)] could not read dos header from C:\WINDOWS\System32\SHELL32.dll
[0609/155415.215:ERROR:process_memory_win.cc(73)] ReadMemory at 0x73339e4000 of 114688 bytes failed: Only part of a ReadProcessMemory or WriteProcessMemory request was completed. (0x12B)
[0609/155415.216:ERROR:process_memory_win.cc(73)] ReadMemory at 0x73341fd000 of 12288 bytes failed: Only part of a ReadProcessMemory or WriteProcessMemory request was completed. (0x12B)
[0609/155415.216:ERROR:process_memory_win.cc(73)] ReadMemory at 0x73351fd000 of 12288 bytes failed: Only part of a ReadProcessMemory or WriteProcessMemory request was completed. (0x12B)
[0609/155415.217:ERROR:process_memory_win.cc(73)] ReadMemory at 0x73359fb000 of 20480 bytes failed: Only part of a ReadProcessMemory or WriteProcessMemory request was completed. (0x12B)
[0609/155415.217:ERROR:process_memory_win.cc(73)] ReadMemory at 0x73361fe000 of 8192 bytes failed: Only part of a ReadProcessMemory or WriteProcessMemory request was completed. (0x12B)
[0609/155415.217:ERROR:process_memory_win.cc(73)] ReadMemory at 0x73369fc000 of 16384 bytes failed: Only part of a ReadProcessMemory or WriteProcessMemory request was completed. (0x12B)
[0609/155415.218:ERROR:process_memory_win.cc(73)] ReadMemory at 0x73371fb000 of 20480 bytes failed: Only part of a ReadProcessMemory or WriteProcessMemory request was completed. (0x12B)
[0609/155415.218:ERROR:process_memory_win.cc(73)] ReadMemory at 0x73379fc000 of 16384 bytes failed: Only part of a ReadProcessMemory or WriteProcessMemory request was completed. (0x12B)
[0609/155415.218:ERROR:process_memory_win.cc(73)] ReadMemory at 0x73381fa000 of 24576 bytes failed: Only part of a ReadProcessMemory or WriteProcessMemory request was completed. (0x12B)
[0609/155415.218:ERROR:process_memory_win.cc(73)] ReadMemory at 0x73389fa000 of 24576 bytes failed: Only part of a ReadProcessMemory or WriteProcessMemory request was completed. (0x12B)
[0609/155415.219:ERROR:process_memory_win.cc(73)] ReadMemory at 0x73391fb000 of 20480 bytes failed: Only part of a ReadProcessMemory or WriteProcessMemory request was completed. (0x12B)
[0609/155415.219:ERROR:process_memory_win.cc(73)] ReadMemory at 0x733c1fd000 of 12288 bytes failed: Only part of a ReadProcessMemory or WriteProcessMemory request was completed. (0x12B)
[0609/155415.219:ERROR:process_memory_win.cc(73)] ReadMemory at 0x73399fd000 of 12288 bytes failed: Only part of a ReadProcessMemory or WriteProcessMemory request was completed. (0x12B)
[0609/155415.219:ERROR:process_memory_win.cc(73)] ReadMemory at 0x733a1fe000 of 8192 bytes failed: Only part of a ReadProcessMemory or WriteProcessMemory request was completed. (0x12B)
[0609/155415.220:ERROR:process_memory_win.cc(73)] ReadMemory at 0x73349fc000 of 16384 bytes failed: Only part of a ReadProcessMemory or WriteProcessMemory request was completed. (0x12B)
[0609/155415.220:ERROR:process_memory_win.cc(73)] ReadMemory at 0x733a9fd000 of 12288 bytes failed: Only part of a ReadProcessMemory or WriteProcessMemory request was completed. (0x12B)
[0609/155415.221:ERROR:process_memory_win.cc(73)] ReadMemory at 0x733316d000 of 852 bytes failed: Only part of a ReadProcessMemory or WriteProcessMemory request was completed. (0x12B)
[0609/155415.221:ERROR:process_memory_win.cc(73)] ReadMemory at 0x733316e000 of 6024 bytes failed: Only part of a ReadProcessMemory or WriteProcessMemory request was completed. (0x12B)
[0609/155415.223:ERROR:process_memory_win.cc(73)] ReadMemory at 0x7333170000 of 6024 bytes failed: Only part of a ReadProcessMemory or WriteProcessMemory request was completed. (0x12B)
[0609/155415.224:ERROR:process_memory_win.cc(73)] ReadMemory at 0x7333174000 of 6024 bytes failed: Only part of a ReadProcessMemory or WriteProcessMemory request was completed. (0x12B)
[0609/155415.225:ERROR:process_memory_win.cc(73)] ReadMemory at 0x7333176000 of 6024 bytes failed: Only part of a ReadProcessMemory or WriteProcessMemory request was completed. (0x12B)
[0609/155415.225:ERROR:process_memory_win.cc(73)] ReadMemory at 0x7333178000 of 6024 bytes failed: Only part of a ReadProcessMemory or WriteProcessMemory request was completed. (0x12B)
[0609/155415.225:ERROR:process_memory_win.cc(73)] ReadMemory at 0x733317a000 of 6024 bytes failed: Only part of a ReadProcessMemory or WriteProcessMemory request was completed. (0x12B)
[0609/155415.226:ERROR:process_memory_win.cc(73)] ReadMemory at 0x733317c000 of 6024 bytes failed: Only part of a ReadProcessMemory or WriteProcessMemory request was completed. (0x12B)
[0609/155415.226:ERROR:process_memory_win.cc(73)] ReadMemory at 0x733317e000 of 6024 bytes failed: Only part of a ReadProcessMemory or WriteProcessMemory request was completed. (0x12B)
[0609/155415.230:ERROR:process_memory_win.cc(73)] ReadMemory at 0x7333180000 of 6024 bytes failed: Only part of a ReadProcessMemory or WriteProcessMemory request was completed. (0x12B)
[0609/155415.230:ERROR:process_memory_win.cc(73)] ReadMemory at 0x7333182000 of 6024 bytes failed: Only part of a ReadProcessMemory or WriteProcessMemory request was completed. (0x12B)
[0609/155415.231:ERROR:process_memory_win.cc(73)] ReadMemory at 0x7333184000 of 6024 bytes failed: Only part of a ReadProcessMemory or WriteProcessMemory request was completed. (0x12B)
[0609/155415.246:ERROR:process_memory_win.cc(73)] ReadMemory at 0x7333190000 of 6024 bytes failed: Only part of a ReadProcessMemory or WriteProcessMemory request was completed. (0x12B)
[0609/155415.247:ERROR:process_memory_win.cc(73)] ReadMemory at 0x7333192000 of 6024 bytes failed: Only part of a ReadProcessMemory or WriteProcessMemory request was completed. (0x12B)
[0609/155415.247:ERROR:process_memory_win.cc(73)] ReadMemory at 0x733319a000 of 6024 bytes failed: Only part of a ReadProcessMemory or WriteProcessMemory request was completed. (0x12B)
[0609/155415.247:ERROR:process_memory_win.cc(73)] ReadMemory at 0x73331a2000 of 6024 bytes failed: Only part of a ReadProcessMemory or WriteProcessMemory request was completed. (0x12B)
[0609/155415.247:ERROR:process_memory_win.cc(73)] ReadMemory at 0x73331aa000 of 6024 bytes failed: Only part of a ReadProcessMemory or WriteProcessMemory request was completed. (0x12B)
[0609/155415.248:ERROR:process_memory_win.cc(73)] ReadMemory at 0x14af0e07f90 of 512 bytes failed: Only part of a ReadProcessMemory or WriteProcessMemory request was completed. (0x12B)
[0609/155415.249:ERROR:process_memory_win.cc(73)] ReadMemory at 0x20b9f2a0750 of 144 bytes failed: Only part of a ReadProcessMemory or WriteProcessMemory request was completed. (0x12B)
[0609/155415.249:ERROR:process_memory_win.cc(73)] ReadMemory at 0x20b9f2a0ad0 of 1016 bytes failed: Only part of a ReadProcessMemory or WriteProcessMemory request was completed. (0x12B)
[0609/155415.250:ERROR:process_memory_win.cc(73)] ReadMemory at 0x20b9f2a0fe0 of 4474 bytes failed: Only part of a ReadProcessMemory or WriteProcessMemory request was completed. (0x12B)
[0609/155415.250:ERROR:process_memory_win.cc(73)] ReadMemory at 0x20b9f2a2170 of 1012 bytes failed: Only part of a ReadProcessMemory or WriteProcessMemory request was completed. (0x12B)
[0609/155415.250:ERROR:process_memory_win.cc(73)] ReadMemory at 0x20b9f2a27b8 of 118 bytes failed: Only part of a ReadProcessMemory or WriteProcessMemory request was completed. (0x12B)
[0609/155415.250:ERROR:process_memory_win.cc(73)] ReadMemory at 0x20b9f2a2830 of 1262 bytes failed: Only part of a ReadProcessMemory or WriteProcessMemory request was completed. (0x12B)
[0609/155415.250:ERROR:process_memory_win.cc(73)] ReadMemory at 0x20b9f2a2d20 of 118 bytes failed: Only part of a ReadProcessMemory or WriteProcessMemory request was completed. (0x12B)
[0609/155415.251:ERROR:process_memory_win.cc(73)] ReadMemory at 0x20b9f2a2d98 of 102 bytes failed: Only part of a ReadProcessMemory or WriteProcessMemory request was completed. (0x12B)
[0609/155415.251:ERROR:process_memory_win.cc(73)] ReadMemory at 0x20b9f2a2e10 of 58 bytes failed: Only part of a ReadProcessMemory or WriteProcessMemory request was completed. (0x12B)
[0609/155415.251:ERROR:process_memory_win.cc(73)] ReadMemory at 0x20b9f2a2f10 of 132 bytes failed: Only part of a ReadProcessMemory or WriteProcessMemory request was completed. (0x12B)
[0609/155415.251:ERROR:process_memory_win.cc(73)] ReadMemory at 0x20b9f2a30a0 of 132 bytes failed: Only part of a ReadProcessMemory or WriteProcessMemory request was completed. (0x12B)
[0609/155415.251:ERROR:process_memory_win.cc(73)] ReadMemory at 0x20b9f2a3260 of 124 bytes failed: Only part of a ReadProcessMemory or WriteProcessMemory request was completed. (0x12B)
[0609/155415.251:ERROR:process_memory_win.cc(73)] ReadMemory at 0x20b9f2a3640 of 132 bytes failed: Only part of a ReadProcessMemory or WriteProcessMemory request was completed. (0x12B)
[0609/155415.251:ERROR:process_memory_win.cc(73)] ReadMemory at 0x20b9f2a37d0 of 64 bytes failed: Only part of a ReadProcessMemory or WriteProcessMemory request was completed. (0x12B)
[0609/155415.252:ERROR:process_memory_win.cc(73)] ReadMemory at 0x20b9f2a3c30 of 132 bytes failed: Only part of a ReadProcessMemory or WriteProcessMemory request was completed. (0x12B)
[0609/155415.252:ERROR:process_memory_win.cc(73)] ReadMemory at 0x20b9f2a3dc0 of 68 bytes failed: Only part of a ReadProcessMemory or WriteProcessMemory request was completed. (0x12B)
[0609/155415.252:ERROR:process_memory_win.cc(73)] ReadMemory at 0x20b9f2a4ea0 of 132 bytes failed: Only part of a ReadProcessMemory or WriteProcessMemory request was completed. (0x12B)
[0609/155415.252:ERROR:process_memory_win.cc(73)] ReadMemory at 0x20b9f2a4fd0 of 132 bytes failed: Only part of a ReadProcessMemory or WriteProcessMemory request was completed. (0x12B)
[0609/155415.252:ERROR:process_memory_win.cc(73)] ReadMemory at 0x20b9f2a5100 of 152 bytes failed: Only part of a ReadProcessMemory or WriteProcessMemory request was completed. (0x12B)
[0609/155415.252:ERROR:process_memory_win.cc(73)] ReadMemory at 0x20b9f2a5fb0 of 62 bytes failed: Only part of a ReadProcessMemory or WriteProcessMemory request was completed. (0x12B)
[0609/155415.253:ERROR:process_memory_win.cc(73)] ReadMemory at 0x20b9f2a6000 of 132 bytes failed: Only part of a ReadProcessMemory or WriteProcessMemory request was completed. (0x12B)
[0609/155415.253:ERROR:process_memory_win.cc(73)] ReadMemory at 0x20b9f2a61a0 of 132 bytes failed: Only part of a ReadProcessMemory or WriteProcessMemory request was completed. (0x12B)
[0609/155415.253:ERROR:process_memory_win.cc(73)] ReadMemory at 0x20b9f2a62d0 of 60 bytes failed: Only part of a ReadProcessMemory or WriteProcessMemory request was completed. (0x12B)
[0609/155415.253:ERROR:process_memory_win.cc(73)] ReadMemory at 0x20b9f2aa0c0 of 132 bytes failed: Only part of a ReadProcessMemory or WriteProcessMemory request was completed. (0x12B)
[0609/155415.254:ERROR:process_memory_win.cc(73)] ReadMemory at 0x20b9f2aa1f0 of 132 bytes failed: Only part of a ReadProcessMemory or WriteProcessMemory request was completed. (0x12B)
[0609/155415.254:ERROR:process_memory_win.cc(73)] ReadMemory at 0x20b9f2aa860 of 64 bytes failed: Only part of a ReadProcessMemory or WriteProcessMemory request was completed. (0x12B)
[0609/155415.254:ERROR:process_memory_win.cc(73)] ReadMemory at 0x20b9f2aab30 of 62 bytes failed: Only part of a ReadProcessMemory or WriteProcessMemory request was completed. (0x12B)
[0609/155415.254:ERROR:process_memory_win.cc(73)] ReadMemory at 0x20b9f2aabd0 of 64 bytes failed: Only part of a ReadProcessMemory or WriteProcessMemory request was completed. (0x12B)
[0609/155415.254:ERROR:process_memory_win.cc(73)] ReadMemory at 0x20b9f2aac70 of 64 bytes failed: Only part of a ReadProcessMemory or WriteProcessMemory request was completed. (0x12B)
[0609/155415.255:ERROR:process_memory_win.cc(73)] ReadMemory at 0x20b9f2aacc0 of 60 bytes failed: Only part of a ReadProcessMemory or WriteProcessMemory request was completed. (0x12B)
[0609/155415.255:ERROR:process_memory_win.cc(73)] ReadMemory at 0x20b9f2aadb0 of 60 bytes failed: Only part of a ReadProcessMemory or WriteProcessMemory request was completed. (0x12B)
[0609/155415.255:ERROR:process_memory_win.cc(73)] ReadMemory at 0x20b9f2aaea0 of 66 bytes failed: Only part of a ReadProcessMemory or WriteProcessMemory request was completed. (0x12B)
[0609/155415.255:ERROR:process_memory_win.cc(73)] ReadMemory at 0x20b9f2aaef0 of 64 bytes failed: Only part of a ReadProcessMemory or WriteProcessMemory request was completed. (0x12B)
[0609/155415.256:ERROR:process_memory_win.cc(73)] ReadMemory at 0x20b9f2aaf40 of 62 bytes failed: Only part of a ReadProcessMemory or WriteProcessMemory request was completed. (0x12B)
[0609/155415.256:ERROR:process_memory_win.cc(73)] ReadMemory at 0x20b9f2ab3d0 of 132 bytes failed: Only part of a ReadProcessMemory or WriteProcessMemory request was completed. (0x12B)
[0609/155415.256:ERROR:process_memory_win.cc(73)] ReadMemory at 0x20b9f2ab5d0 of 132 bytes failed: Only part of a ReadProcessMemory or WriteProcessMemory request was completed. (0x12B)
[0609/155415.256:ERROR:process_memory_win.cc(73)] ReadMemory at 0x20b9f2ab760 of 80 bytes failed: Only part of a ReadProcessMemory or WriteProcessMemory request was completed. (0x12B)
[0609/155415.256:ERROR:process_memory_win.cc(73)] ReadMemory at 0x20b9f2ab8b0 of 132 bytes failed: Only part of a ReadProcessMemory or WriteProcessMemory request was completed. (0x12B)
[0609/155415.257:ERROR:process_memory_win.cc(73)] ReadMemory at 0x20b9f2abb10 of 132 bytes failed: Only part of a ReadProcessMemory or WriteProcessMemory request was completed. (0x12B)
[0609/155415.257:ERROR:process_memory_win.cc(73)] ReadMemory at 0x20b9f2abc40 of 132 bytes failed: Only part of a ReadProcessMemory or WriteProcessMemory request was completed. (0x12B)
[0609/155415.257:ERROR:process_memory_win.cc(73)] ReadMemory at 0x20b9f2abd70 of 132 bytes failed: Only part of a ReadProcessMemory or WriteProcessMemory request was completed. (0x12B)
[0609/155415.257:ERROR:process_memory_win.cc(73)] ReadMemory at 0x20b9f2abea0 of 132 bytes failed: Only part of a ReadProcessMemory or WriteProcessMemory request was completed. (0x12B)
[0609/155415.257:ERROR:process_memory_win.cc(73)] ReadMemory at 0x20b9f2abfd0 of 132 bytes failed: Only part of a ReadProcessMemory or WriteProcessMemory request was completed. (0x12B)
[0609/155415.257:ERROR:process_memory_win.cc(73)] ReadMemory at 0x20b9f2ac100 of 132 bytes failed: Only part of a ReadProcessMemory or WriteProcessMemory request was completed. (0x12B)
[0609/155415.258:ERROR:process_memory_win.cc(73)] ReadMemory at 0x20b9f2ac230 of 132 bytes failed: Only part of a ReadProcessMemory or WriteProcessMemory request was completed. (0x12B)
[0609/155415.258:ERROR:process_memory_win.cc(73)] ReadMemory at 0x20b9f2ac360 of 132 bytes failed: Only part of a ReadProcessMemory or WriteProcessMemory request was completed. (0x12B)
[0609/155415.258:ERROR:process_memory_win.cc(73)] ReadMemory at 0x20b9f2ac490 of 132 bytes failed: Only part of a ReadProcessMemory or WriteProcessMemory request was completed. (0x12B)
[0609/155415.258:ERROR:process_memory_win.cc(73)] ReadMemory at 0x20b9f2ac5c0 of 132 bytes failed: Only part of a ReadProcessMemory or WriteProcessMemory request was completed. (0x12B)
[0609/155415.258:ERROR:process_memory_win.cc(73)] ReadMemory at 0x20b9f2ac6f0 of 132 bytes failed: Only part of a ReadProcessMemory or WriteProcessMemory request was completed. (0x12B)
[0609/155415.258:ERROR:process_memory_win.cc(73)] ReadMemory at 0x20b9f2aec90 of 132 bytes failed: Only part of a ReadProcessMemory or WriteProcessMemory request was completed. (0x12B)
[0609/155415.259:ERROR:process_memory_win.cc(73)] ReadMemory at 0x20b9f2af9d0 of 132 bytes failed: Only part of a ReadProcessMemory or WriteProcessMemory request was completed. (0x12B)
[0609/155415.259:ERROR:process_memory_win.cc(73)] ReadMemory at 0x20b9f2b0170 of 132 bytes failed: Only part of a ReadProcessMemory or WriteProcessMemory request was completed. (0x12B)
[0609/155415.259:ERROR:process_memory_win.cc(73)] ReadMemory at 0x20b9f2b02a0 of 132 bytes failed: Only part of a ReadProcessMemory or WriteProcessMemory request was completed. (0x12B)
[0609/155415.261:ERROR:process_memory_win.cc(73)] ReadMemory at 0x20b9f2b1b70 of 132 bytes failed: Only part of a ReadProcessMemory or WriteProcessMemory request was completed. (0x12B)
[0609/155415.261:ERROR:process_memory_win.cc(73)] ReadMemory at 0x20b9f2b4240 of 54 bytes failed: Only part of a ReadProcessMemory or WriteProcessMemory request was completed. (0x12B)
[0609/155415.261:ERROR:process_memory_win.cc(73)] ReadMemory at 0x20b9f2b5580 of 80 bytes failed: Only part of a ReadProcessMemory or WriteProcessMemory request was completed. (0x12B)
[0609/155415.261:ERROR:process_memory_win.cc(73)] ReadMemory at 0x20b9f2b5c40 of 76 bytes failed: Only part of a ReadProcessMemory or WriteProcessMemory request was completed. (0x12B)
[0609/155415.261:ERROR:process_memory_win.cc(73)] ReadMemory at 0x20b9f2b5d60 of 78 bytes failed: Only part of a ReadProcessMemory or WriteProcessMemory request was completed. (0x12B)
[0609/155415.261:ERROR:process_memory_win.cc(73)] ReadMemory at 0x20b9f2b6130 of 62 bytes failed: Only part of a ReadProcessMemory or WriteProcessMemory request was completed. (0x12B)
[0609/155415.262:ERROR:process_memory_win.cc(73)] ReadMemory at 0x20b9f2b61d0 of 62 bytes failed: Only part of a ReadProcessMemory or WriteProcessMemory request was completed. (0x12B)
[0609/155415.262:ERROR:process_memory_win.cc(73)] ReadMemory at 0x20b9f2b6220 of 64 bytes failed: Only part of a ReadProcessMemory or WriteProcessMemory request was completed. (0x12B)
[0609/155415.262:ERROR:process_memory_win.cc(73)] ReadMemory at 0x20b9f2b6270 of 60 bytes failed: Only part of a ReadProcessMemory or WriteProcessMemory request was completed. (0x12B)
[0609/155415.262:ERROR:process_memory_win.cc(73)] ReadMemory at 0x20b9f2b6310 of 64 bytes failed: Only part of a ReadProcessMemory or WriteProcessMemory request was completed. (0x12B)
[0609/155415.263:ERROR:process_memory_win.cc(73)] ReadMemory at 0x20b9f2b6360 of 62 bytes failed: Only part of a ReadProcessMemory or WriteProcessMemory request was completed. (0x12B)
[0609/155415.263:ERROR:process_memory_win.cc(73)] ReadMemory at 0x20b9f2b6400 of 58 bytes failed: Only part of a ReadProcessMemory or WriteProcessMemory request was completed. (0x12B)
[0609/155415.263:ERROR:process_memory_win.cc(73)] ReadMemory at 0x20b9f2b6680 of 62 bytes failed: Only part of a ReadProcessMemory or WriteProcessMemory request was completed. (0x12B)
[0609/155415.263:ERROR:process_memory_win.cc(73)] ReadMemory at 0x20b9f2b66d0 of 66 bytes failed: Only part of a ReadProcessMemory or WriteProcessMemory request was completed. (0x12B)
[0609/155415.263:ERROR:process_memory_win.cc(73)] ReadMemory at 0x20b9f2b6810 of 62 bytes failed: Only part of a ReadProcessMemory or WriteProcessMemory request was completed. (0x12B)
[0609/155415.263:ERROR:process_memory_win.cc(73)] ReadMemory at 0x20b9f2b6900 of 62 bytes failed: Only part of a ReadProcessMemory or WriteProcessMemory request was completed. (0x12B)
[0609/155415.263:ERROR:process_memory_win.cc(73)] ReadMemory at 0x20b9f2b69a0 of 64 bytes failed: Only part of a ReadProcessMemory or WriteProcessMemory request was completed. (0x12B)
[0609/155415.264:ERROR:process_memory_win.cc(73)] ReadMemory at 0x20b9f2b69f0 of 60 bytes failed: Only part of a ReadProcessMemory or WriteProcessMemory request was completed. (0x12B)
[0609/155415.264:ERROR:process_memory_win.cc(73)] ReadMemory at 0x20b9f2b6a40 of 62 bytes failed: Only part of a ReadProcessMemory or WriteProcessMemory request was completed. (0x12B)
[0609/155415.264:ERROR:process_memory_win.cc(73)] ReadMemory at 0x20b9f2b6b80 of 60 bytes failed: Only part of a ReadProcessMemory or WriteProcessMemory request was completed. (0x12B)
[0609/155415.264:ERROR:process_memory_win.cc(73)] ReadMemory at 0x20b9f2b6bd0 of 62 bytes failed: Only part of a ReadProcessMemory or WriteProcessMemory request was completed. (0x12B)
[0609/155415.264:ERROR:process_memory_win.cc(73)] ReadMemory at 0x20b9f2b6c70 of 62 bytes failed: Only part of a ReadProcessMemory or WriteProcessMemory request was completed. (0x12B)
[0609/155415.264:ERROR:process_memory_win.cc(73)] ReadMemory at 0x20b9f2b6db0 of 64 bytes failed: Only part of a ReadProcessMemory or WriteProcessMemory request was completed. (0x12B)
[0609/155415.264:ERROR:process_memory_win.cc(73)] ReadMemory at 0x20b9f2b6e50 of 60 bytes failed: Only part of a ReadProcessMemory or WriteProcessMemory request was completed. (0x12B)
[0609/155415.264:ERROR:process_memory_win.cc(73)] ReadMemory at 0x20b9f2b7000 of 132 bytes failed: Only part of a ReadProcessMemory or WriteProcessMemory request was completed. (0x12B)
[0609/155415.265:ERROR:process_memory_win.cc(73)] ReadMemory at 0x20b9f2b7260 of 132 bytes failed: Only part of a ReadProcessMemory or WriteProcessMemory request was completed. (0x12B)
[0609/155415.265:ERROR:process_memory_win.cc(73)] ReadMemory at 0x20b9f2b7390 of 132 bytes failed: Only part of a ReadProcessMemory or WriteProcessMemory request was completed. (0x12B)
[0609/155415.265:ERROR:process_memory_win.cc(73)] ReadMemory at 0x20b9f2b7720 of 132 bytes failed: Only part of a ReadProcessMemory or WriteProcessMemory request was completed. (0x12B)
[0609/155415.265:ERROR:process_memory_win.cc(73)] ReadMemory at 0x20b9f2b7850 of 132 bytes failed: Only part of a ReadProcessMemory or WriteProcessMemory request was completed. (0x12B)
[0609/155415.265:ERROR:process_memory_win.cc(73)] ReadMemory at 0x20b9f2b7980 of 132 bytes failed: Only part of a ReadProcessMemory or WriteProcessMemory request was completed. (0x12B)
[0609/155415.265:ERROR:process_memory_win.cc(73)] ReadMemory at 0x20b9f2b7ab0 of 132 bytes failed: Only part of a ReadProcessMemory or WriteProcessMemory request was completed. (0x12B)
[0609/155415.265:ERROR:process_memory_win.cc(73)] ReadMemory at 0x20b9f2b7be0 of 132 bytes failed: Only part of a ReadProcessMemory or WriteProcessMemory request was completed. (0x12B)
[0609/155415.266:ERROR:process_memory_win.cc(73)] ReadMemory at 0x20b9f2b7d10 of 132 bytes failed: Only part of a ReadProcessMemory or WriteProcessMemory request was completed. (0x12B)
[0609/155415.266:ERROR:process_memory_win.cc(73)] ReadMemory at 0x20b9f2b7e40 of 132 bytes failed: Only part of a ReadProcessMemory or WriteProcessMemory request was completed. (0x12B)
[0609/155415.266:ERROR:process_memory_win.cc(73)] ReadMemory at 0x20b9f2b7f70 of 132 bytes failed: Only part of a ReadProcessMemory or WriteProcessMemory request was completed. (0x12B)
[0609/155415.267:ERROR:process_memory_win.cc(73)] ReadMemory at 0x20b9f2b81d0 of 132 bytes failed: Only part of a ReadProcessMemory or WriteProcessMemory request was completed. (0x12B)
[0609/155415.267:ERROR:process_memory_win.cc(73)] ReadMemory at 0x20b9f2b8300 of 132 bytes failed: Only part of a ReadProcessMemory or WriteProcessMemory request was completed. (0x12B)
[0609/155415.267:ERROR:process_memory_win.cc(73)] ReadMemory at 0x20b9f2b8430 of 132 bytes failed: Only part of a ReadProcessMemory or WriteProcessMemory request was completed. (0x12B)
[0609/155415.267:ERROR:process_memory_win.cc(73)] ReadMemory at 0x20b9f2b8560 of 132 bytes failed: Only part of a ReadProcessMemory or WriteProcessMemory request was completed. (0x12B)
[0609/155415.268:ERROR:process_memory_win.cc(73)] ReadMemory at 0x20b9f2b8690 of 132 bytes failed: Only part of a ReadProcessMemory or WriteProcessMemory request was completed. (0x12B)
[0609/155415.268:ERROR:process_memory_win.cc(73)] ReadMemory at 0x20b9f2b87c0 of 132 bytes failed: Only part of a ReadProcessMemory or WriteProcessMemory request was completed. (0x12B)
[0609/155415.268:ERROR:process_memory_win.cc(73)] ReadMemory at 0x20b9f2b8a20 of 132 bytes failed: Only part of a ReadProcessMemory or WriteProcessMemory request was completed. (0x12B)
[0609/155415.269:ERROR:process_memory_win.cc(73)] ReadMemory at 0x20b9f2b8b50 of 132 bytes failed: Only part of a ReadProcessMemory or WriteProcessMemory request was completed. (0x12B)
[0609/155415.269:ERROR:process_memory_win.cc(73)] ReadMemory at 0x20b9f2b8c80 of 132 bytes failed: Only part of a ReadProcessMemory or WriteProcessMemory request was completed. (0x12B)
[0609/155415.269:ERROR:process_memory_win.cc(73)] ReadMemory at 0x20b9f2b8db0 of 132 bytes failed: Only part of a ReadProcessMemory or WriteProcessMemory request was completed. (0x12B)
[0609/155415.269:ERROR:process_memory_win.cc(73)] ReadMemory at 0x20b9f2cd570 of 60 bytes failed: Only part of a ReadProcessMemory or WriteProcessMemory request was completed. (0x12B)
[0609/155415.269:ERROR:process_memory_win.cc(73)] ReadMemory at 0x20b9f2cd700 of 58 bytes failed: Only part of a ReadProcessMemory or WriteProcessMemory request was completed. (0x12B)
[0609/155415.269:ERROR:process_memory_win.cc(73)] ReadMemory at 0x20b9f2cd840 of 58 bytes failed: Only part of a ReadProcessMemory or WriteProcessMemory request was completed. (0x12B)
[0609/155415.270:ERROR:process_memory_win.cc(73)] ReadMemory at 0x20b9f2cda20 of 62 bytes failed: Only part of a ReadProcessMemory or WriteProcessMemory request was completed. (0x12B)
[0609/155415.270:ERROR:process_memory_win.cc(73)] ReadMemory at 0x20b9f2cded0 of 62 bytes failed: Only part of a ReadProcessMemory or WriteProcessMemory request was completed. (0x12B)
[0609/155415.270:ERROR:process_memory_win.cc(73)] ReadMemory at 0x20b9f2cdf20 of 60 bytes failed: Only part of a ReadProcessMemory or WriteProcessMemory request was completed. (0x12B)
[0609/155415.270:ERROR:process_memory_win.cc(73)] ReadMemory at 0x20b9f2cdf70 of 64 bytes failed: Only part of a ReadProcessMemory or WriteProcessMemory request was completed. (0x12B)
[0609/155415.271:ERROR:process_memory_win.cc(73)] ReadMemory at 0x20b9f2cdfc0 of 58 bytes failed: Only part of a ReadProcessMemory or WriteProcessMemory request was completed. (0x12B)
[0609/155415.271:ERROR:process_memory_win.cc(73)] ReadMemory at 0x20b9f2ce470 of 66 bytes failed: Only part of a ReadProcessMemory or WriteProcessMemory request was completed. (0x12B)
[0609/155415.271:ERROR:process_memory_win.cc(73)] ReadMemory at 0x20b9f2d5b10 of 512 bytes failed: Only part of a ReadProcessMemory or WriteProcessMemory request was completed. (0x12B)
[0609/155415.272:ERROR:process_memory_win.cc(73)] ReadMemory at 0x20b9f2d8c00 of 512 bytes failed: Only part of a ReadProcessMemory or WriteProcessMemory request was completed. (0x12B)
[0609/155415.272:ERROR:process_memory_win.cc(73)] ReadMemory at 0x20b9f2d8f50 of 512 bytes failed: Only part of a ReadProcessMemory or WriteProcessMemory request was completed. (0x12B)
[0609/155415.272:ERROR:process_memory_win.cc(73)] ReadMemory at 0x20b9f2e5d10 of 512 bytes failed: Only part of a ReadProcessMemory or WriteProcessMemory request was completed. (0x12B)
[0609/155415.272:ERROR:process_memory_win.cc(73)] ReadMemory at 0x20b9f2e6090 of 512 bytes failed: Only part of a ReadProcessMemory or WriteProcessMemory request was completed. (0x12B)
[0609/155415.272:ERROR:process_memory_win.cc(73)] ReadMemory at 0x20b9f8e3cf0 of 512 bytes failed: Only part of a ReadProcessMemory or WriteProcessMemory request was completed. (0x12B)
[0609/155415.272:ERROR:process_memory_win.cc(73)] ReadMemory at 0x20b9f941200 of 512 bytes failed: Only part of a ReadProcessMemory or WriteProcessMemory request was completed. (0x12B)
[0609/155415.272:ERROR:process_memory_win.cc(73)] ReadMemory at 0x20b9f943920 of 712 bytes failed: Only part of a ReadProcessMemory or WriteProcessMemory request was completed. (0x12B)
[0609/155415.272:ERROR:process_memory_win.cc(73)] ReadMemory at 0x20b9f94b730 of 512 bytes failed: Only part of a ReadProcessMemory or WriteProcessMemory request was completed. (0x12B)
[0609/155415.272:ERROR:process_memory_win.cc(73)] ReadMemory at 0x20b9f985978 of 512 bytes failed: Only part of a ReadProcessMemory or WriteProcessMemory request was completed. (0x12B)
[0609/155415.273:ERROR:process_memory_win.cc(73)] ReadMemory at 0x20ba1936d20 of 512 bytes failed: Only part of a ReadProcessMemory or WriteProcessMemory request was completed. (0x12B)
[0609/155415.273:ERROR:process_memory_win.cc(73)] ReadMemory at 0x20ba1950200 of 512 bytes failed: Only part of a ReadProcessMemory or WriteProcessMemory request was completed. (0x12B)
[0609/155415.273:ERROR:process_memory_win.cc(73)] ReadMemory at 0x20ba1a2edb8 of 512 bytes failed: Only part of a ReadProcessMemory or WriteProcessMemory request was completed. (0x12B)
[0609/155415.273:ERROR:process_memory_win.cc(73)] ReadMemory at 0x20ba1acedb0 of 512 bytes failed: Only part of a ReadProcessMemory or WriteProcessMemory request was completed. (0x12B)
[0609/155415.273:ERROR:process_memory_win.cc(73)] ReadMemory at 0x20ba2029df0 of 512 bytes failed: Only part of a ReadProcessMemory or WriteProcessMemory request was completed. (0x12B)
[0609/155415.273:ERROR:process_memory_win.cc(73)] ReadMemory at 0x20ba20d4d40 of 512 bytes failed: Only part of a ReadProcessMemory or WriteProcessMemory request was completed. (0x12B)
[0609/155415.273:ERROR:process_memory_win.cc(73)] ReadMemory at 0x20ba20d65c0 of 512 bytes failed: Only part of a ReadProcessMemory or WriteProcessMemory request was completed. (0x12B)
[0609/155415.274:ERROR:process_memory_win.cc(73)] ReadMemory at 0x20ba22a8c30 of 512 bytes failed: Only part of a ReadProcessMemory or WriteProcessMemory request was completed. (0x12B)
[0609/155415.274:ERROR:process_memory_win.cc(73)] ReadMemory at 0x20ba42b17d0 of 512 bytes failed: Only part of a ReadProcessMemory or WriteProcessMemory request was completed. (0x12B)
[0609/155415.274:ERROR:process_memory_win.cc(73)] ReadMemory at 0x20ba4390bd0 of 512 bytes failed: Only part of a ReadProcessMemory or WriteProcessMemory request was completed. (0x12B)
[0609/155415.279:ERROR:scoped_process_suspend.cc(40)] NtResumeProcess: An attempt was made to access an exiting process. (0xc000010a)
[0701/134706.652:ERROR:process_memory_win.cc(73)] ReadMemory at 0xdddc79a000 of 852 bytes failed: Only part of a ReadProcessMemory or WriteProcessMemory request was completed. (0x12B)
[0701/134706.656:ERROR:process_memory_win.cc(73)] ReadMemory at 0xdddc79b000 of 6024 bytes failed: Only part of a ReadProcessMemory or WriteProcessMemory request was completed. (0x12B)
[0701/134706.656:ERROR:process_memory_win.cc(73)] ReadMemory at 0xdddc79d000 of 6024 bytes failed: Only part of a ReadProcessMemory or WriteProcessMemory request was completed. (0x12B)
[0701/134706.657:ERROR:process_memory_win.cc(73)] ReadMemory at 0xdddc79f000 of 6024 bytes failed: Only part of a ReadProcessMemory or WriteProcessMemory request was completed. (0x12B)
[0701/134706.657:ERROR:process_memory_win.cc(73)] ReadMemory at 0xdddc7a1000 of 6024 bytes failed: Only part of a ReadProcessMemory or WriteProcessMemory request was completed. (0x12B)
[0701/134706.657:ERROR:process_memory_win.cc(73)] ReadMemory at 0xdddc7a3000 of 6024 bytes failed: Only part of a ReadProcessMemory or WriteProcessMemory request was completed. (0x12B)
[0701/134706.657:ERROR:process_memory_win.cc(73)] ReadMemory at 0xdddc7a5000 of 6024 bytes failed: Only part of a ReadProcessMemory or WriteProcessMemory request was completed. (0x12B)
[0701/134706.657:ERROR:process_memory_win.cc(73)] ReadMemory at 0xdddc7a7000 of 6024 bytes failed: Only part of a ReadProcessMemory or WriteProcessMemory request was completed. (0x12B)
[0701/134706.657:ERROR:process_memory_win.cc(73)] ReadMemory at 0xdddc7a9000 of 6024 bytes failed: Only part of a ReadProcessMemory or WriteProcessMemory request was completed. (0x12B)
[0701/134706.658:ERROR:process_memory_win.cc(73)] ReadMemory at 0xdddc7ab000 of 6024 bytes failed: Only part of a ReadProcessMemory or WriteProcessMemory request was completed. (0x12B)
[0701/134706.658:ERROR:process_memory_win.cc(73)] ReadMemory at 0xdddc7ad000 of 6024 bytes failed: Only part of a ReadProcessMemory or WriteProcessMemory request was completed. (0x12B)
[0701/134706.658:ERROR:process_memory_win.cc(73)] ReadMemory at 0xdddc7af000 of 6024 bytes failed: Only part of a ReadProcessMemory or WriteProcessMemory request was completed. (0x12B)
[0701/134706.658:ERROR:process_memory_win.cc(73)] ReadMemory at 0xdddc7b1000 of 6024 bytes failed: Only part of a ReadProcessMemory or WriteProcessMemory request was completed. (0x12B)
[0701/134706.659:ERROR:process_memory_win.cc(73)] ReadMemory at 0xdddc7b3000 of 6024 bytes failed: Only part of a ReadProcessMemory or WriteProcessMemory request was completed. (0x12B)
[0701/134706.659:ERROR:process_memory_win.cc(73)] ReadMemory at 0xdddc7b5000 of 6024 bytes failed: Only part of a ReadProcessMemory or WriteProcessMemory request was completed. (0x12B)
[0701/134706.659:ERROR:process_memory_win.cc(73)] ReadMemory at 0xdddc7b7000 of 6024 bytes failed: Only part of a ReadProcessMemory or WriteProcessMemory request was completed. (0x12B)
[0701/134706.666:ERROR:scoped_process_suspend.cc(40)] NtResumeProcess: An attempt was made to access an exiting process. (0xc000010a)
[0704/223918.512:ERROR:process_reader_win.cc(151)] SuspendThread: Access is denied. (0x5)
[0704/223918.516:ERROR:process_reader_win.cc(151)] SuspendThread: Access is denied. (0x5)
[0704/223918.516:ERROR:process_reader_win.cc(151)] SuspendThread: Access is denied. (0x5)
[0704/223918.516:ERROR:process_reader_win.cc(151)] SuspendThread: Access is denied. (0x5)
[0704/223918.516:ERROR:process_reader_win.cc(151)] SuspendThread: Access is denied. (0x5)
[0704/223918.516:ERROR:process_reader_win.cc(151)] SuspendThread: Access is denied. (0x5)
[0704/223918.517:ERROR:process_reader_win.cc(151)] SuspendThread: Access is denied. (0x5)
[0704/223918.517:ERROR:process_reader_win.cc(151)] SuspendThread: Access is denied. (0x5)
[0704/223918.517:ERROR:process_reader_win.cc(151)] SuspendThread: Access is denied. (0x5)
[0704/223918.517:ERROR:process_reader_win.cc(151)] SuspendThread: Access is denied. (0x5)
[0704/223918.517:ERROR:process_reader_win.cc(151)] SuspendThread: Access is denied. (0x5)
[0704/223918.517:ERROR:process_reader_win.cc(151)] SuspendThread: Access is denied. (0x5)
[0704/223918.517:ERROR:process_reader_win.cc(151)] SuspendThread: Access is denied. (0x5)
[0704/223918.517:ERROR:process_reader_win.cc(151)] SuspendThread: Access is denied. (0x5)
[0704/223918.517:ERROR:process_reader_win.cc(151)] SuspendThread: Access is denied. (0x5)
[0704/223918.517:ERROR:process_reader_win.cc(151)] SuspendThread: Access is denied. (0x5)
[0704/223918.517:ERROR:exception_snapshot_win.cc(98)] thread ID 11008 not found in process
